<?xml version="1.0" encoding="UTF-8"?>
<!-- Generated by org.testng.reporters.JUnitReportReporter -->
<testsuite hostname="LAPTOP-2Q47I0S4" failures="0" tests="5" name="mavenProject.googleLogin.TestLoginGoogleAccountUsingTestNG_DifferentClasses" time="-1606740992.000" errors="1" timestamp="2020-11-30T18:26:25 IST" skipped="4">
  <testcase classname="mavenProject.googleLogin.TestLoginGoogleAccountUsingTestNG_DifferentClasses" name="testEnvironment" time="-1606740992.000">
    <error message="
Parameter &#039;option&#039; is required by BeforeSuite on method testEnvironment but has not been marked @Optional or defined
in C:\Users\Com\eclipse-workspace\googleLogin\testng1.xml" type="org.testng.TestNGException">
      <![CDATA[org.testng.TestNGException: 
Parameter 'option' is required by BeforeSuite on method testEnvironment but has not been marked @Optional or defined
in C:\Users\Com\eclipse-workspace\googleLogin\testng1.xml
at org.testng.internal.Parameters.createParams(Parameters.java:268)
at org.testng.internal.Parameters.createParametersForMethod(Parameters.java:356)
at org.testng.internal.Parameters.createParameters(Parameters.java:700)
at org.testng.internal.Parameters.createConfigurationParameters(Parameters.java:166)
at org.testng.internal.ConfigInvoker.invokeConfigurations(ConfigInvoker.java:301)
at org.testng.SuiteRunner.privateRun(SuiteRunner.java:327)
at org.testng.SuiteRunner.run(SuiteRunner.java:286)
at org.testng.SuiteRunnerWorker.runSuite(SuiteRunnerWorker.java:53)
at org.testng.SuiteRunnerWorker.run(SuiteRunnerWorker.java:96)
at org.testng.TestNG.runSuitesSequentially(TestNG.java:1218)
at org.testng.TestNG.runSuitesLocally(TestNG.java:1140)
at org.testng.TestNG.runSuites(TestNG.java:1069)
at org.testng.TestNG.run(TestNG.java:1037)
at org.testng.remote.AbstractRemoteTestNG.run(AbstractRemoteTestNG.java:115)
at org.testng.remote.RemoteTestNG.initAndRun(RemoteTestNG.java:251)
at org.testng.remote.RemoteTestNG.main(RemoteTestNG.java:77)
]]>
    </error>
  </testcase> <!-- testEnvironment -->
  <system-out/>
  <testcase classname="mavenProject.googleLogin.TestLoginGoogleAccountUsingTestNG_DifferentClasses" name="bothValid" time="0.000">
    <skipped/>
  </testcase> <!-- bothValid -->
  <system-out/>
  <testcase classname="mavenProject.googleLogin.TestLoginGoogleAccountUsingTestNG_DifferentClasses" name="invalidpassword" time="0.000">
    <skipped/>
  </testcase> <!-- invalidpassword -->
  <system-out/>
  <testcase classname="mavenProject.googleLogin.TestLoginGoogleAccountUsingTestNG_DifferentClasses" name="invalidUsername" time="0.000">
    <skipped/>
  </testcase> <!-- invalidUsername -->
  <system-out/>
  <testcase classname="mavenProject.googleLogin.TestLoginGoogleAccountUsingTestNG_DifferentClasses" name="bothInvalid" time="0.000">
    <skipped/>
  </testcase> <!-- bothInvalid -->
  <system-out/>
</testsuite> <!-- mavenProject.googleLogin.TestLoginGoogleAccountUsingTestNG_DifferentClasses -->
