<?xml version="1.0" encoding="UTF-8"?>
<!-- Generated by org.testng.reporters.JUnitReportReporter -->
<testsuite hostname="LAPTOP-2Q47I0S4" failures="0" tests="6" name="mavenProject.googleLogin.TestNG" time="114.416" errors="0" timestamp="2020-11-26T13:19:48 IST" skipped="0">
  <testcase classname="mavenProject.googleLogin.TestNG" name="bothValid" time="43.334"/>
  <system-out/>
  <testcase classname="mavenProject.googleLogin.TestNG" name="invalidpassword" time="10.588"/>
  <system-out/>
  <testcase classname="mavenProject.googleLogin.TestNG" name="invalidUsername" time="9.703"/>
  <system-out/>
  <testcase classname="mavenProject.googleLogin.TestNG" name="bothInvalid" time="10.797"/>
  <system-out/>
  <testcase classname="mavenProject.googleLogin.TestNG" name="clickNextPassword" time="11.101"/>
  <system-out/>
  <testcase classname="mavenProject.googleLogin.TestNG" name="clickNextUsername" time="28.893"/>
  <system-out/>
</testsuite> <!-- mavenProject.googleLogin.TestNG -->
