<?xml version="1.0" encoding="UTF-8"?>
<!-- Generated by org.testng.reporters.JUnitReportReporter -->
<testsuite hostname="LAPTOP-2Q47I0S4" failures="0" tests="6" name="mavenProject.googleLogin.TestNG" time="129.547" errors="0" timestamp="2020-11-27T17:42:11 IST" skipped="0">
  <testcase classname="mavenProject.googleLogin.TestNG" name="bothValid" time="35.698"/>
  <system-out/>
  <testcase classname="mavenProject.googleLogin.TestNG" name="invalidpassword" time="33.906"/>
  <system-out/>
  <testcase classname="mavenProject.googleLogin.TestNG" name="invalidUsername" time="31.256"/>
  <system-out/>
  <testcase classname="mavenProject.googleLogin.TestNG" name="bothInvalid" time="9.931"/>
  <system-out/>
  <testcase classname="mavenProject.googleLogin.TestNG" name="clickNextPassword" time="10.015"/>
  <system-out/>
  <testcase classname="mavenProject.googleLogin.TestNG" name="clickNextUsername" time="8.741"/>
  <system-out/>
</testsuite> <!-- mavenProject.googleLogin.TestNG -->
